# JRE version: Java(TM) SE Runtime Environment (8.0_45-b14) (build 1.8.0_45-b14)
# Java VM: Java HotSpot(TM) 64-Bit Server VM (25.45-b02 mixed mode bsd-amd64 compressed oops)
Heap:
 PSYoungGen      total 667648K, used 445991K [0x000000076ab00000, 0x0000000795f00000, 0x00000007c0000000)
  eden space 645120K, 65% used [0x000000076ab00000,0x00000007848ab208,0x0000000792100000)
  from space 22528K, 99% used [0x0000000794900000,0x0000000795edeb38,0x0000000795f00000)
  to   space 26112K, 0% used [0x0000000792c00000,0x0000000792c00000,0x0000000794580000)
 ParOldGen       total 214528K, used 43669K [0x00000006c0000000, 0x00000006cd180000, 0x000000076ab00000)
  object space 214528K, 20% used [0x00000006c0000000,0x00000006c2aa54a8,0x00000006cd180000)
 Metaspace       used 78850K, capacity 79920K, committed 80048K, reserved 1120256K
  class space    used 9941K, capacity 10150K, committed 10240K, reserved 1048576K
GC Heap History (10 events):
Event: 11.086 GC heap before
{Heap before GC invocations=13 (full 2):
 PSYoungGen      total 474112K, used 307846K [0x000000076ab00000, 0x000000078a680000, 0x00000007c0000000)
  eden space 458752K, 63% used [0x000000076ab00000,0x000000077c8fb238,0x0000000786b00000)
  from space 15360K, 97% used [0x0000000789780000,0x000000078a6267a8,0x000000078a680000)
  to   space 17920K, 0% used [0x0000000788380000,0x0000000788380000,0x0000000789500000)
 ParOldGen       total 147456K, used 23896K [0x00000006c0000000, 0x00000006c9000000, 0x000000076ab00000)
  object space 147456K, 16% used [0x00000006c0000000,0x00000006c17562a8,0x00000006c9000000)
 Metaspace       used 59327K, capacity 59860K, committed 60080K, reserved 1101824K
  class space    used 7754K, capacity 7907K, committed 7936K, reserved 1048576K
Event: 11.105 GC heap after
Heap after GC invocations=13 (full 2):
 PSYoungGen      total 501760K, used 17890K [0x000000076ab00000, 0x0000000790b80000, 0x00000007c0000000)
  eden space 483840K, 0% used [0x000000076ab00000,0x000000076ab00000,0x0000000788380000)
  from space 17920K, 99% used [0x0000000788380000,0x00000007894f8bb8,0x0000000789500000)
  to   space 21504K, 0% used [0x000000078f680000,0x000000078f680000,0x0000000790b80000)
 ParOldGen       total 147456K, used 28126K [0x00000006c0000000, 0x00000006c9000000, 0x000000076ab00000)
  object space 147456K, 19% used [0x00000006c0000000,0x00000006c1b77980,0x00000006c9000000)
 Metaspace       used 59327K, capacity 59860K, committed 60080K, reserved 1101824K
  class space    used 7754K, capacity 7907K, committed 7936K, reserved 1048576K
}
Event: 11.105 GC heap before
{Heap before GC invocations=14 (full 3):
 PSYoungGen      total 501760K, used 17890K [0x000000076ab00000, 0x0000000790b80000, 0x00000007c0000000)
  eden space 483840K, 0% used [0x000000076ab00000,0x000000076ab00000,0x0000000788380000)
  from space 17920K, 99% used [0x0000000788380000,0x00000007894f8bb8,0x0000000789500000)
  to   space 21504K, 0% used [0x000000078f680000,0x000000078f680000,0x0000000790b80000)
 ParOldGen       total 147456K, used 28126K [0x00000006c0000000, 0x00000006c9000000, 0x000000076ab00000)
  object space 147456K, 19% used [0x00000006c0000000,0x00000006c1b77980,0x00000006c9000000)
 Metaspace       used 59327K, capacity 59860K, committed 60080K, reserved 1101824K
  class space    used 7754K, capacity 7907K, committed 7936K, reserved 1048576K
Event: 11.361 GC heap after
Heap after GC invocations=14 (full 3):
 PSYoungGen      total 501760K, used 0K [0x000000076ab00000, 0x0000000790b80000, 0x00000007c0000000)
  eden space 483840K, 0% used [0x000000076ab00000,0x000000076ab00000,0x0000000788380000)
  from space 17920K, 0% used [0x0000000788380000,0x0000000788380000,0x0000000789500000)
  to   space 21504K, 0% used [0x000000078f680000,0x000000078f680000,0x0000000790b80000)
 ParOldGen       total 214528K, used 43645K [0x00000006c0000000, 0x00000006cd180000, 0x000000076ab00000)
  object space 214528K, 20% used [0x00000006c0000000,0x00000006c2a9f4a8,0x00000006cd180000)
 Metaspace       used 59327K, capacity 59860K, committed 60080K, reserved 1101824K
  class space    used 7754K, capacity 7907K, committed 7936K, reserved 1048576K
}
Event: 14.649 GC heap before
{Heap before GC invocations=15 (full 3):
 PSYoungGen      total 501760K, used 483840K [0x000000076ab00000, 0x0000000790b80000, 0x00000007c0000000)
  eden space 483840K, 100% used [0x000000076ab00000,0x0000000788380000,0x0000000788380000)
  from space 17920K, 0% used [0x0000000788380000,0x0000000788380000,0x0000000789500000)
  to   space 21504K, 0% used [0x000000078f680000,0x000000078f680000,0x0000000790b80000)
 ParOldGen       total 214528K, used 43645K [0x00000006c0000000, 0x00000006cd180000, 0x000000076ab00000)
  object space 214528K, 20% used [0x00000006c0000000,0x00000006c2a9f4a8,0x00000006cd180000)
 Metaspace       used 65435K, capacity 66136K, committed 66480K, reserved 1107968K
  class space    used 8559K, capacity 8684K, committed 8704K, reserved 1048576K
Event: 14.664 GC heap after
Heap after GC invocations=15 (full 3):
 PSYoungGen      total 589312K, used 14667K [0x000000076ab00000, 0x0000000790580000, 0x00000007c0000000)
  eden space 573952K, 0% used [0x000000076ab00000,0x000000076ab00000,0x000000078db80000)
  from space 15360K, 95% used [0x000000078f680000,0x00000007904d2e70,0x0000000790580000)
  to   space 21504K, 0% used [0x000000078db80000,0x000000078db80000,0x000000078f080000)
 ParOldGen       total 214528K, used 43653K [0x00000006c0000000, 0x00000006cd180000, 0x000000076ab00000)
  object space 214528K, 20% used [0x00000006c0000000,0x00000006c2aa14a8,0x00000006cd180000)
 Metaspace       used 65435K, capacity 66136K, committed 66480K, reserved 1107968K
  class space    used 8559K, capacity 8684K, committed 8704K, reserved 1048576K
}
Event: 30.139 GC heap before
{Heap before GC invocations=16 (full 3):
 PSYoungGen      total 589312K, used 588619K [0x000000076ab00000, 0x0000000790580000, 0x00000007c0000000)
  eden space 573952K, 100% used [0x000000076ab00000,0x000000078db80000,0x000000078db80000)
  from space 15360K, 95% used [0x000000078f680000,0x00000007904d2e70,0x0000000790580000)
  to   space 21504K, 0% used [0x000000078db80000,0x000000078db80000,0x000000078f080000)
 ParOldGen       total 214528K, used 43653K [0x00000006c0000000, 0x00000006cd180000, 0x000000076ab00000)
  object space 214528K, 20% used [0x00000006c0000000,0x00000006c2aa14a8,0x00000006cd180000)
 Metaspace       used 73225K, capacity 74148K, committed 74288K, reserved 1114112K
  class space    used 9594K, capacity 9774K, committed 9856K, reserved 1048576K
Event: 30.154 GC heap after
Heap after GC invocations=16 (full 3):
 PSYoungGen      total 595456K, used 20140K [0x000000076ab00000, 0x0000000796000000, 0x00000007c0000000)
  eden space 573952K, 0% used [0x000000076ab00000,0x000000076ab00000,0x000000078db80000)
  from space 21504K, 93% used [0x000000078db80000,0x000000078ef2b080,0x000000078f080000)
  to   space 23552K, 0% used [0x0000000794900000,0x0000000794900000,0x0000000796000000)
 ParOldGen       total 214528K, used 43661K [0x00000006c0000000, 0x00000006cd180000, 0x000000076ab00000)
  object space 214528K, 20% used [0x00000006c0000000,0x00000006c2aa34a8,0x00000006cd180000)
 Metaspace       used 73225K, capacity 74148K, committed 74288K, reserved 1114112K
  class space    used 9594K, capacity 9774K, committed 9856K, reserved 1048576K
}
Event: 240.758 GC heap before
{Heap before GC invocations=17 (full 3):
 PSYoungGen      total 595456K, used 594092K [0x000000076ab00000, 0x0000000796000000, 0x00000007c0000000)
  eden space 573952K, 100% used [0x000000076ab00000,0x000000078db80000,0x000000078db80000)
  from space 21504K, 93% used [0x000000078db80000,0x000000078ef2b080,0x000000078f080000)
  to   space 23552K, 0% used [0x0000000794900000,0x0000000794900000,0x0000000796000000)
 ParOldGen       total 214528K, used 43661K [0x00000006c0000000, 0x00000006cd180000, 0x000000076ab00000)
  object space 214528K, 20% used [0x00000006c0000000,0x00000006c2aa34a8,0x00000006cd180000)
 Metaspace       used 77935K, capacity 78986K, committed 79280K, reserved 1118208K
  class space    used 9928K, capacity 10117K, committed 10240K, reserved 1048576K
Event: 240.777 GC heap after
Heap after GC invocations=17 (full 3):
 PSYoungGen      total 667648K, used 22394K [0x000000076ab00000, 0x0000000795f00000, 0x00000007c0000000)
  eden space 645120K, 0% used [0x000000076ab00000,0x000000076ab00000,0x0000000792100000)
  from space 22528K, 99% used [0x0000000794900000,0x0000000795edeb38,0x0000000795f00000)
  to   space 26112K, 0% used [0x0000000792c00000,0x0000000792c00000,0x0000000794580000)
 ParOldGen       total 214528K, used 43669K [0x00000006c0000000, 0x00000006cd180000, 0x000000076ab00000)
  object space 214528K, 20% used [0x00000006c0000000,0x00000006c2aa54a8,0x00000006cd180000)
 Metaspace       used 77935K, capacity 78986K, committed 79280K, reserved 1118208K
  class space    used 9928K, capacity 10117K, committed 10240K, reserved 1048576K
}

